<?xml version="1.0" encoding="UTF-8"?>
<testng-results total="3" passed="3" failed="0" skipped="0">
  <reporter-output>
  </reporter-output>
  <suite started-at="2022-04-30T09:07:52Z" name="Base_Test_Suite" finished-at="2022-04-30T09:08:19Z" duration-ms="26648">
    <groups>
    </groups>
    <test started-at="2022-04-30T09:07:52Z" name="SwagLabs_Test" finished-at="2022-04-30T09:08:19Z" duration-ms="26648">
      <class name="com.tests.LoginTest">
        <test-method is-config="true" signature="setUpTest(java.lang.String)[pri:0, instance:com.tests.LoginTest@5117dd67]" started-at="2022-04-30T14:37:52Z" name="setUpTest" finished-at="2022-04-30T14:38:11Z" duration-ms="19462" status="PASS">
          <params>
            <param index="0">
              <value>
                <![CDATA[chrome]]>
              </value>
            </param>
          </params>
          <reporter-output>
          </reporter-output>
        </test-method> <!-- setUpTest -->
        <test-method signature="verifyLoginPageTitle()[pri:1, instance:com.tests.LoginTest@5117dd67]" started-at="2022-04-30T14:38:11Z" name="verifyLoginPageTitle" finished-at="2022-04-30T14:38:11Z" duration-ms="12" status="PASS">
          <reporter-output>
          </reporter-output>
        </test-method> <!-- verifyLoginPageTitle -->
        <test-method is-config="true" signature="tearDown()[pri:0, instance:com.tests.LoginTest@5117dd67]" started-at="2022-04-30T14:38:11Z" name="tearDown" finished-at="2022-04-30T14:38:12Z" duration-ms="98" status="PASS">
          <reporter-output>
          </reporter-output>
        </test-method> <!-- tearDown -->
        <test-method is-config="true" signature="setUpTest(java.lang.String)[pri:0, instance:com.tests.LoginTest@5117dd67]" started-at="2022-04-30T14:38:12Z" name="setUpTest" finished-at="2022-04-30T14:38:14Z" duration-ms="2820" status="PASS">
          <params>
            <param index="0">
              <value>
                <![CDATA[chrome]]>
              </value>
            </param>
          </params>
          <reporter-output>
          </reporter-output>
        </test-method> <!-- setUpTest -->
        <test-method signature="verifyLogin_AuthorizedUser()[pri:2, instance:com.tests.LoginTest@5117dd67]" started-at="2022-04-30T14:38:14Z" name="verifyLogin_AuthorizedUser" finished-at="2022-04-30T14:38:15Z" duration-ms="1004" status="PASS">
          <reporter-output>
          </reporter-output>
        </test-method> <!-- verifyLogin_AuthorizedUser -->
        <test-method is-config="true" signature="tearDown()[pri:0, instance:com.tests.LoginTest@5117dd67]" started-at="2022-04-30T14:38:15Z" name="tearDown" finished-at="2022-04-30T14:38:16Z" duration-ms="99" status="PASS">
          <reporter-output>
          </reporter-output>
        </test-method> <!-- tearDown -->
        <test-method is-config="true" signature="setUpTest(java.lang.String)[pri:0, instance:com.tests.LoginTest@5117dd67]" started-at="2022-04-30T14:38:16Z" name="setUpTest" finished-at="2022-04-30T14:38:18Z" duration-ms="2775" status="PASS">
          <params>
            <param index="0">
              <value>
                <![CDATA[chrome]]>
              </value>
            </param>
          </params>
          <reporter-output>
          </reporter-output>
        </test-method> <!-- setUpTest -->
        <test-method signature="verifyLogin_UnAuthorizedUser()[pri:3, instance:com.tests.LoginTest@5117dd67]" started-at="2022-04-30T14:38:18Z" name="verifyLogin_UnAuthorizedUser" finished-at="2022-04-30T14:38:19Z" duration-ms="264" status="PASS">
          <reporter-output>
          </reporter-output>
        </test-method> <!-- verifyLogin_UnAuthorizedUser -->
        <test-method is-config="true" signature="tearDown()[pri:0, instance:com.tests.LoginTest@5117dd67]" started-at="2022-04-30T14:38:19Z" name="tearDown" finished-at="2022-04-30T14:38:19Z" duration-ms="100" status="PASS">
          <reporter-output>
          </reporter-output>
        </test-method> <!-- tearDown -->
      </class> <!-- com.tests.LoginTest -->
    </test> <!-- SwagLabs_Test -->
  </suite> <!-- Base_Test_Suite -->
</testng-results>
