<?xml version="1.0" encoding="UTF-8"?>
<!-- Generated by org.testng.reporters.JUnitXMLReporter -->
<testsuite hostname="UTIPPANAMBP18.local" failures="0" tests="3" name="SwagLabs_Test" time="26.648" errors="0" timestamp="30 Apr 2022 09:08:19 GMT">
  <testcase classname="com.tests.LoginTest" name="verifyLoginPageTitle" time="0.012"/>
  <testcase classname="com.tests.LoginTest" name="verifyLogin_AuthorizedUser" time="1.004"/>
  <testcase classname="com.tests.LoginTest" name="verifyLogin_UnAuthorizedUser" time="0.264"/>
</testsuite> <!-- SwagLabs_Test -->
